  Pacman.cpp
C:\Program Files (x86)\Microsoft Visual Studio\2019\Professional\VC\Tools\MSVC\14.28.29910\include\vector(1757,29): warning C4251: 'std::vector<S2D::Input::Keys,std::allocator<S2D::Input::Keys>>::_Mypair': class 'std::_Compressed_pair<std::allocator<S2D::Input::Keys>,std::_Vector_val<std::_Simple_types<_Ty>>,true>' needs to have dll-interface to be used by clients of class 'std::vector<S2D::Input::Keys,std::allocator<S2D::Input::Keys>>'
          with
          [
              _Ty=S2D::Input::Keys
          ]
C:\Program Files (x86)\Microsoft Visual Studio\2019\Professional\VC\Tools\MSVC\14.28.29910\include\vector(1757): message : see declaration of 'std::_Compressed_pair<std::allocator<S2D::Input::Keys>,std::_Vector_val<std::_Simple_types<_Ty>>,true>'
          with
          [
              _Ty=S2D::Input::Keys
          ]
C:\Users\d010941k\OneDrive - Staffordshire University\Actual Work\FOGGS\Pacman New\PacmanFramework(S2Dv1.5) (1)\PacmanFramework(S2Dv1.5)\Pacman\Pacman\S2D\Input.h(108): message : see reference to class template instantiation 'std::vector<S2D::Input::Keys,std::allocator<S2D::Input::Keys>>' being compiled
C:\Users\d010941k\OneDrive - Staffordshire University\Actual Work\FOGGS\Pacman New\PacmanFramework(S2Dv1.5) (1)\PacmanFramework(S2Dv1.5)\Pacman\Pacman\Pacman.cpp(136,13): error C2065: 'i': undeclared identifier
C:\Users\d010941k\OneDrive - Staffordshire University\Actual Work\FOGGS\Pacman New\PacmanFramework(S2Dv1.5) (1)\PacmanFramework(S2Dv1.5)\Pacman\Pacman\Pacman.cpp(138,17): error C2065: 'i': undeclared identifier
C:\Users\d010941k\OneDrive - Staffordshire University\Actual Work\FOGGS\Pacman New\PacmanFramework(S2Dv1.5) (1)\PacmanFramework(S2Dv1.5)\Pacman\Pacman\Pacman.cpp(139,14): error C2065: 'i': undeclared identifier
C:\Users\d010941k\OneDrive - Staffordshire University\Actual Work\FOGGS\Pacman New\PacmanFramework(S2Dv1.5) (1)\PacmanFramework(S2Dv1.5)\Pacman\Pacman\Pacman.cpp(147,12): error C2065: 'i': undeclared identifier
C:\Users\d010941k\OneDrive - Staffordshire University\Actual Work\FOGGS\Pacman New\PacmanFramework(S2Dv1.5) (1)\PacmanFramework(S2Dv1.5)\Pacman\Pacman\Pacman.cpp(149,16): error C2065: 'i': undeclared identifier
C:\Users\d010941k\OneDrive - Staffordshire University\Actual Work\FOGGS\Pacman New\PacmanFramework(S2Dv1.5) (1)\PacmanFramework(S2Dv1.5)\Pacman\Pacman\Pacman.cpp(151,13): error C2065: 'i': undeclared identifier
C:\Users\d010941k\OneDrive - Staffordshire University\Actual Work\FOGGS\Pacman New\PacmanFramework(S2Dv1.5) (1)\PacmanFramework(S2Dv1.5)\Pacman\Pacman\Pacman.cpp(153,17): error C2065: 'i': undeclared identifier
C:\Users\d010941k\OneDrive - Staffordshire University\Actual Work\FOGGS\Pacman New\PacmanFramework(S2Dv1.5) (1)\PacmanFramework(S2Dv1.5)\Pacman\Pacman\Pacman.cpp(154,14): error C2065: 'i': undeclared identifier
C:\Users\d010941k\OneDrive - Staffordshire University\Actual Work\FOGGS\Pacman New\PacmanFramework(S2Dv1.5) (1)\PacmanFramework(S2Dv1.5)\Pacman\Pacman\Pacman.cpp(156,13): error C2065: 'i': undeclared identifier
C:\Users\d010941k\OneDrive - Staffordshire University\Actual Work\FOGGS\Pacman New\PacmanFramework(S2Dv1.5) (1)\PacmanFramework(S2Dv1.5)\Pacman\Pacman\Pacman.cpp(221,56): warning C4244: '=': conversion from 'int' to 'float', possible loss of data
C:\Users\d010941k\OneDrive - Staffordshire University\Actual Work\FOGGS\Pacman New\PacmanFramework(S2Dv1.5) (1)\PacmanFramework(S2Dv1.5)\Pacman\Pacman\Pacman.cpp(222,57): warning C4244: '=': conversion from 'int' to 'float', possible loss of data
